  ReaderWriterC++.cpp
libcpmtd.lib(xwcsxfrm.obj) : error LNK2001: неразрешенный внешний символ _free_dbg.
libcpmtd.lib(StlCompareStringA.obj) : error LNK2001: неразрешенный внешний символ _free_dbg.
libcpmtd.lib(locale.obj) : error LNK2001: неразрешенный внешний символ _free_dbg.
libcpmtd.lib(StlLCMapStringA.obj) : error LNK2001: неразрешенный внешний символ _free_dbg.
libcpmtd.lib(wlocale.obj) : error LNK2001: неразрешенный внешний символ _free_dbg.
libcpmtd.lib(xlocale.obj) : error LNK2001: неразрешенный внешний символ _free_dbg.
ReaderWriterC++.obj : error LNK2001: неразрешенный внешний символ _free_dbg.
libcpmtd.lib(locale0.obj) : error LNK2001: неразрешенный внешний символ _free_dbg.
libcpmtd.lib(cin.obj) : error LNK2001: неразрешенный внешний символ _free_dbg.
libcpmtd.lib(cout.obj) : error LNK2001: неразрешенный внешний символ _free_dbg.
libcpmtd.lib(xwcsxfrm.obj) : error LNK2001: неразрешенный внешний символ _malloc_dbg.
libcpmtd.lib(StlCompareStringA.obj) : error LNK2001: неразрешенный внешний символ _malloc_dbg.
libcpmtd.lib(locale.obj) : error LNK2001: неразрешенный внешний символ _malloc_dbg.
libcpmtd.lib(StlLCMapStringA.obj) : error LNK2001: неразрешенный внешний символ _malloc_dbg.
libcpmtd.lib(wlocale.obj) : error LNK2001: неразрешенный внешний символ _malloc_dbg.
libcpmtd.lib(xlocale.obj) : error LNK2001: неразрешенный внешний символ _malloc_dbg.
ReaderWriterC++.obj : error LNK2001: неразрешенный внешний символ _malloc_dbg.
libcpmtd.lib(locale0.obj) : error LNK2001: неразрешенный внешний символ _malloc_dbg.
libcpmtd.lib(cin.obj) : error LNK2001: неразрешенный внешний символ _malloc_dbg.
libcpmtd.lib(cout.obj) : error LNK2001: неразрешенный внешний символ _malloc_dbg.
libcpmtd.lib(locale.obj) : error LNK2019: ссылка на неразрешенный внешний символ _CrtDbgReport в функции "private: int __cdecl std::num_get<char,class std::istreambuf_iterator<char,struct std::char_traits<char> > >::_Getffld(char *,class std::istreambuf_iterator<char,struct std::char_traits<char> > &,class std::istreambuf_iterator<char,struct std::char_traits<char> > &,class std::ios_base &,int *)const " (?_Getffld@?$num_get@DV?$istreambuf_iterator@DU?$char_traits@D@std@@@std@@@std@@AEBAHPEADAEAV?$istreambuf_iterator@DU?$char_traits@D@std@@@2@1AEAVios_base@2@PEAH@Z).
libcpmtd.lib(wlocale.obj) : error LNK2001: неразрешенный внешний символ _CrtDbgReport.
libcpmtd.lib(xlocale.obj) : error LNK2001: неразрешенный внешний символ _CrtDbgReport.
ReaderWriterC++.obj : error LNK2001: неразрешенный внешний символ _CrtDbgReport.
libcpmtd.lib(xtime.obj) : error LNK2001: неразрешенный внешний символ _CrtDbgReport.
libcpmtd.lib(cin.obj) : error LNK2001: неразрешенный внешний символ _CrtDbgReport.
libcpmtd.lib(cout.obj) : error LNK2001: неразрешенный внешний символ _CrtDbgReport.
libcpmtd.lib(_tolower.obj) : error LNK2019: ссылка на неразрешенный внешний символ _calloc_dbg в функции _Getctype.
libcpmtd.lib(locale.obj) : error LNK2001: неразрешенный внешний символ _calloc_dbg.
libcpmtd.lib(wlocale.obj) : error LNK2001: неразрешенный внешний символ _calloc_dbg.
libcpmtd.lib(xlocale.obj) : error LNK2001: неразрешенный внешний символ _calloc_dbg.
libcpmtd.lib(_tolower.obj) : error LNK2019: ссылка на неразрешенный внешний символ _wcsdup_dbg в функции _Getctype.
libcpmtd.lib(xstrcoll.obj) : error LNK2001: неразрешенный внешний символ _wcsdup_dbg.
libcpmtd.lib(locale.obj) : error LNK2019: ссылка на неразрешенный внешний символ _realloc_dbg в функции "private: static void __cdecl std::locale::_Locimp::_Locimp_Addfac(class std::locale::_Locimp *,class std::locale::facet *,unsigned __int64)" (?_Locimp_Addfac@_Locimp@locale@std@@CAXPEAV123@PEAVfacet@23@_K@Z).
libcpmtd.lib(StlLCMapStringA.obj) : error LNK2019: ссылка на неразрешенный внешний символ _CrtDbgReportW в функции _freea_crt.
libcpmtd.lib(xmbtowc.obj) : error LNK2001: неразрешенный внешний символ _CrtDbgReportW.
libcpmtd.lib(StlCompareStringA.obj) : error LNK2001: неразрешенный внешний символ _CrtDbgReportW.
D:\UCHEBA\secdebv\SecDev\LR2ReadersWriters\ReaderWriterC++\x64\Debug\ReaderWriterC++.exe : fatal error LNK1120: неразрешенных внешних элементов: 7
